<?xml version="1.0" encoding="UTF-8"?>
<testng-results skipped="0" failed="0" ignored="0" total="1" passed="1">
  <reporter-output>
  </reporter-output>
  <suite name="Suite" duration-ms="284003" started-at="2017-10-27T13:47:13Z" finished-at="2017-10-27T13:51:57Z">
    <groups>
    </groups>
    <test name="Test" duration-ms="284003" started-at="2017-10-27T13:47:13Z" finished-at="2017-10-27T13:51:57Z">
      <class name="test.java.test.Test3">
        <test-method status="PASS" signature="beforeTest(java.lang.String, java.lang.String, java.lang.String, java.lang.String)[pri:0, instance:test.java.test.Test3@21213b92]" name="beforeTest" is-config="true" duration-ms="183961" started-at="2017-10-27T09:47:13Z" finished-at="2017-10-27T09:50:17Z">
          <params>
            <param index="0">
              <value>
                <![CDATA[04157DF43A656B1A]]>
              </value>
            </param>
            <param index="1">
              <value>
                <![CDATA[ps.perfectomobile.com]]>
              </value>
            </param>
            <param index="2">
              <value>
                <![CDATA[shaneh@perfectomobile.com]]>
              </value>
            </param>
            <param index="3">
              <value>
                <![CDATA[Perfecto123]]>
              </value>
            </param>
          </params>
          <reporter-output>
          </reporter-output>
        </test-method> <!-- beforeTest -->
        <test-method status="PASS" signature="beforeMethod()[pri:0, instance:test.java.test.Test3@21213b92]" name="beforeMethod" is-config="true" duration-ms="24" started-at="2017-10-27T09:50:17Z" finished-at="2017-10-27T09:50:17Z">
          <reporter-output>
          </reporter-output>
        </test-method> <!-- beforeMethod -->
        <test-method status="PASS" signature="Assignment3()[pri:0, instance:test.java.test.Test3@21213b92]" name="Assignment3" duration-ms="74334" started-at="2017-10-27T09:50:17Z" finished-at="2017-10-27T09:51:31Z">
          <reporter-output>
          </reporter-output>
        </test-method> <!-- Assignment3 -->
        <test-method status="PASS" signature="afterMethod(org.testng.ITestResult)[pri:0, instance:test.java.test.Test3@21213b92]" name="afterMethod" is-config="true" duration-ms="57" started-at="2017-10-27T09:51:31Z" finished-at="2017-10-27T09:51:31Z">
          <params>
            <param index="0">
              <value>
                <![CDATA[[TestResult name=Assignment3 status=SUCCESS method=Test3.Assignment3()[pri:0, instance:test.java.test.Test3@21213b92] output={null}]]]>
              </value>
            </param>
          </params>
          <reporter-output>
          </reporter-output>
        </test-method> <!-- afterMethod -->
        <test-method status="PASS" signature="afterTest()[pri:0, instance:test.java.test.Test3@21213b92]" name="afterTest" is-config="true" duration-ms="25580" started-at="2017-10-27T09:51:31Z" finished-at="2017-10-27T09:51:57Z">
          <reporter-output>
          </reporter-output>
        </test-method> <!-- afterTest -->
      </class> <!-- test.java.test.Test3 -->
    </test> <!-- Test -->
  </suite> <!-- Suite -->
</testng-results>
